0 info it worked if it ends with ok
1 verbose cli [ '/usr/bin/nodejs', '/usr/bin/npm', 'install' ]
2 info using npm@1.3.10
3 info using node@v0.10.25
4 verbose readDependencies using package.json deps
5 verbose install where, deps [ '/zhl/github/zblog',
5 verbose install   [ 'hexo',
5 verbose install     'hexo-asset-image',
5 verbose install     'hexo-deployer-git',
5 verbose install     'hexo-generator-archive',
5 verbose install     'hexo-generator-category',
5 verbose install     'hexo-generator-index',
5 verbose install     'hexo-generator-tag',
5 verbose install     'hexo-renderer-ejs',
5 verbose install     'hexo-renderer-marked',
5 verbose install     'hexo-renderer-stylus',
5 verbose install     'hexo-server' ] ]
6 info preinstall hexo-site@0.0.0
7 verbose readDependencies using package.json deps
8 verbose cache add [ 'hexo-asset-image@0.0.3', null ]
9 verbose cache add name=undefined spec="hexo-asset-image@0.0.3" args=["hexo-asset-image@0.0.3",null]
10 verbose parsed url { protocol: null,
10 verbose parsed url   slashes: null,
10 verbose parsed url   auth: null,
10 verbose parsed url   host: null,
10 verbose parsed url   port: null,
10 verbose parsed url   hostname: null,
10 verbose parsed url   hash: null,
10 verbose parsed url   search: null,
10 verbose parsed url   query: null,
10 verbose parsed url   pathname: 'hexo-asset-image@0.0.3',
10 verbose parsed url   path: 'hexo-asset-image@0.0.3',
10 verbose parsed url   href: 'hexo-asset-image@0.0.3' }
11 verbose cache add name="hexo-asset-image" spec="0.0.3" args=["hexo-asset-image","0.0.3"]
12 verbose parsed url { protocol: null,
12 verbose parsed url   slashes: null,
12 verbose parsed url   auth: null,
12 verbose parsed url   host: null,
12 verbose parsed url   port: null,
12 verbose parsed url   hostname: null,
12 verbose parsed url   hash: null,
12 verbose parsed url   search: null,
12 verbose parsed url   query: null,
12 verbose parsed url   pathname: '0.0.3',
12 verbose parsed url   path: '0.0.3',
12 verbose parsed url   href: '0.0.3' }
13 verbose addNamed [ 'hexo-asset-image', '0.0.3' ]
14 verbose addNamed [ '0.0.3', '0.0.3' ]
15 verbose cache add [ 'hexo-deployer-git@^0.3.1', null ]
16 verbose cache add name=undefined spec="hexo-deployer-git@^0.3.1" args=["hexo-deployer-git@^0.3.1",null]
17 verbose parsed url { protocol: null,
17 verbose parsed url   slashes: null,
17 verbose parsed url   auth: null,
17 verbose parsed url   host: null,
17 verbose parsed url   port: null,
17 verbose parsed url   hostname: null,
17 verbose parsed url   hash: null,
17 verbose parsed url   search: null,
17 verbose parsed url   query: null,
17 verbose parsed url   pathname: 'hexo-deployer-git@^0.3.1',
17 verbose parsed url   path: 'hexo-deployer-git@^0.3.1',
17 verbose parsed url   href: 'hexo-deployer-git@^0.3.1' }
18 verbose cache add name="hexo-deployer-git" spec="^0.3.1" args=["hexo-deployer-git","^0.3.1"]
19 verbose parsed url { protocol: null,
19 verbose parsed url   slashes: null,
19 verbose parsed url   auth: null,
19 verbose parsed url   host: null,
19 verbose parsed url   port: null,
19 verbose parsed url   hostname: null,
19 verbose parsed url   hash: null,
19 verbose parsed url   search: null,
19 verbose parsed url   query: null,
19 verbose parsed url   pathname: '^0.3.1',
19 verbose parsed url   path: '^0.3.1',
19 verbose parsed url   href: '^0.3.1' }
20 verbose addNamed [ 'hexo-deployer-git', '^0.3.1' ]
21 verbose addNamed [ null, '>=0.3.1-0 <0.4.0-0' ]
22 verbose cache add [ 'hexo-generator-category@^0.1.3', null ]
23 verbose cache add name=undefined spec="hexo-generator-category@^0.1.3" args=["hexo-generator-category@^0.1.3",null]
24 verbose parsed url { protocol: null,
24 verbose parsed url   slashes: null,
24 verbose parsed url   auth: null,
24 verbose parsed url   host: null,
24 verbose parsed url   port: null,
24 verbose parsed url   hostname: null,
24 verbose parsed url   hash: null,
24 verbose parsed url   search: null,
24 verbose parsed url   query: null,
24 verbose parsed url   pathname: 'hexo-generator-category@^0.1.3',
24 verbose parsed url   path: 'hexo-generator-category@^0.1.3',
24 verbose parsed url   href: 'hexo-generator-category@^0.1.3' }
25 verbose cache add name="hexo-generator-category" spec="^0.1.3" args=["hexo-generator-category","^0.1.3"]
26 verbose parsed url { protocol: null,
26 verbose parsed url   slashes: null,
26 verbose parsed url   auth: null,
26 verbose parsed url   host: null,
26 verbose parsed url   port: null,
26 verbose parsed url   hostname: null,
26 verbose parsed url   hash: null,
26 verbose parsed url   search: null,
26 verbose parsed url   query: null,
26 verbose parsed url   pathname: '^0.1.3',
26 verbose parsed url   path: '^0.1.3',
26 verbose parsed url   href: '^0.1.3' }
27 verbose addNamed [ 'hexo-generator-category', '^0.1.3' ]
28 verbose addNamed [ null, '>=0.1.3-0 <0.2.0-0' ]
29 silly lockFile 3329bb73-hexo-asset-image-0-0-3 hexo-asset-image@0.0.3
30 verbose lock hexo-asset-image@0.0.3 /home/ubuntu/.npm/3329bb73-hexo-asset-image-0-0-3.lock
31 silly lockFile 68094840-hexo-deployer-git-0-3-1 hexo-deployer-git@^0.3.1
32 verbose lock hexo-deployer-git@^0.3.1 /home/ubuntu/.npm/68094840-hexo-deployer-git-0-3-1.lock
33 silly lockFile 416e65a6-hexo-generator-category-0-1-3 hexo-generator-category@^0.1.3
34 verbose lock hexo-generator-category@^0.1.3 /home/ubuntu/.npm/416e65a6-hexo-generator-category-0-1-3.lock
35 verbose cache add [ 'hexo-generator-index@^0.2.0', null ]
36 verbose cache add name=undefined spec="hexo-generator-index@^0.2.0" args=["hexo-generator-index@^0.2.0",null]
37 verbose parsed url { protocol: null,
37 verbose parsed url   slashes: null,
37 verbose parsed url   auth: null,
37 verbose parsed url   host: null,
37 verbose parsed url   port: null,
37 verbose parsed url   hostname: null,
37 verbose parsed url   hash: null,
37 verbose parsed url   search: null,
37 verbose parsed url   query: null,
37 verbose parsed url   pathname: 'hexo-generator-index@^0.2.0',
37 verbose parsed url   path: 'hexo-generator-index@^0.2.0',
37 verbose parsed url   href: 'hexo-generator-index@^0.2.0' }
38 verbose cache add name="hexo-generator-index" spec="^0.2.0" args=["hexo-generator-index","^0.2.0"]
39 verbose parsed url { protocol: null,
39 verbose parsed url   slashes: null,
39 verbose parsed url   auth: null,
39 verbose parsed url   host: null,
39 verbose parsed url   port: null,
39 verbose parsed url   hostname: null,
39 verbose parsed url   hash: null,
39 verbose parsed url   search: null,
39 verbose parsed url   query: null,
39 verbose parsed url   pathname: '^0.2.0',
39 verbose parsed url   path: '^0.2.0',
39 verbose parsed url   href: '^0.2.0' }
40 verbose addNamed [ 'hexo-generator-index', '^0.2.0' ]
41 verbose addNamed [ null, '>=0.2.0-0 <0.3.0-0' ]
42 silly lockFile 6a9ce764-hexo-generator-index-0-2-0 hexo-generator-index@^0.2.0
43 verbose lock hexo-generator-index@^0.2.0 /home/ubuntu/.npm/6a9ce764-hexo-generator-index-0-2-0.lock
44 verbose cache add [ 'hexo-generator-tag@^0.2.0', null ]
45 verbose cache add name=undefined spec="hexo-generator-tag@^0.2.0" args=["hexo-generator-tag@^0.2.0",null]
46 verbose parsed url { protocol: null,
46 verbose parsed url   slashes: null,
46 verbose parsed url   auth: null,
46 verbose parsed url   host: null,
46 verbose parsed url   port: null,
46 verbose parsed url   hostname: null,
46 verbose parsed url   hash: null,
46 verbose parsed url   search: null,
46 verbose parsed url   query: null,
46 verbose parsed url   pathname: 'hexo-generator-tag@^0.2.0',
46 verbose parsed url   path: 'hexo-generator-tag@^0.2.0',
46 verbose parsed url   href: 'hexo-generator-tag@^0.2.0' }
47 verbose cache add name="hexo-generator-tag" spec="^0.2.0" args=["hexo-generator-tag","^0.2.0"]
48 verbose parsed url { protocol: null,
48 verbose parsed url   slashes: null,
48 verbose parsed url   auth: null,
48 verbose parsed url   host: null,
48 verbose parsed url   port: null,
48 verbose parsed url   hostname: null,
48 verbose parsed url   hash: null,
48 verbose parsed url   search: null,
48 verbose parsed url   query: null,
48 verbose parsed url   pathname: '^0.2.0',
48 verbose parsed url   path: '^0.2.0',
48 verbose parsed url   href: '^0.2.0' }
49 verbose addNamed [ 'hexo-generator-tag', '^0.2.0' ]
50 verbose addNamed [ null, '>=0.2.0-0 <0.3.0-0' ]
51 silly lockFile 8b79c294-hexo-generator-tag-0-2-0 hexo-generator-tag@^0.2.0
52 verbose lock hexo-generator-tag@^0.2.0 /home/ubuntu/.npm/8b79c294-hexo-generator-tag-0-2-0.lock
53 verbose cache add [ 'hexo-generator-archive@^0.1.4', null ]
54 verbose cache add name=undefined spec="hexo-generator-archive@^0.1.4" args=["hexo-generator-archive@^0.1.4",null]
55 verbose parsed url { protocol: null,
55 verbose parsed url   slashes: null,
55 verbose parsed url   auth: null,
55 verbose parsed url   host: null,
55 verbose parsed url   port: null,
55 verbose parsed url   hostname: null,
55 verbose parsed url   hash: null,
55 verbose parsed url   search: null,
55 verbose parsed url   query: null,
55 verbose parsed url   pathname: 'hexo-generator-archive@^0.1.4',
55 verbose parsed url   path: 'hexo-generator-archive@^0.1.4',
55 verbose parsed url   href: 'hexo-generator-archive@^0.1.4' }
56 verbose cache add name="hexo-generator-archive" spec="^0.1.4" args=["hexo-generator-archive","^0.1.4"]
57 verbose parsed url { protocol: null,
57 verbose parsed url   slashes: null,
57 verbose parsed url   auth: null,
57 verbose parsed url   host: null,
57 verbose parsed url   port: null,
57 verbose parsed url   hostname: null,
57 verbose parsed url   hash: null,
57 verbose parsed url   search: null,
57 verbose parsed url   query: null,
57 verbose parsed url   pathname: '^0.1.4',
57 verbose parsed url   path: '^0.1.4',
57 verbose parsed url   href: '^0.1.4' }
58 verbose addNamed [ 'hexo-generator-archive', '^0.1.4' ]
59 verbose addNamed [ null, '>=0.1.4-0 <0.2.0-0' ]
60 silly lockFile 5dd28f80-hexo-generator-archive-0-1-4 hexo-generator-archive@^0.1.4
61 verbose lock hexo-generator-archive@^0.1.4 /home/ubuntu/.npm/5dd28f80-hexo-generator-archive-0-1-4.lock
62 verbose cache add [ 'hexo-renderer-ejs@^0.3.0', null ]
63 verbose cache add name=undefined spec="hexo-renderer-ejs@^0.3.0" args=["hexo-renderer-ejs@^0.3.0",null]
64 verbose parsed url { protocol: null,
64 verbose parsed url   slashes: null,
64 verbose parsed url   auth: null,
64 verbose parsed url   host: null,
64 verbose parsed url   port: null,
64 verbose parsed url   hostname: null,
64 verbose parsed url   hash: null,
64 verbose parsed url   search: null,
64 verbose parsed url   query: null,
64 verbose parsed url   pathname: 'hexo-renderer-ejs@^0.3.0',
64 verbose parsed url   path: 'hexo-renderer-ejs@^0.3.0',
64 verbose parsed url   href: 'hexo-renderer-ejs@^0.3.0' }
65 verbose cache add name="hexo-renderer-ejs" spec="^0.3.0" args=["hexo-renderer-ejs","^0.3.0"]
66 verbose parsed url { protocol: null,
66 verbose parsed url   slashes: null,
66 verbose parsed url   auth: null,
66 verbose parsed url   host: null,
66 verbose parsed url   port: null,
66 verbose parsed url   hostname: null,
66 verbose parsed url   hash: null,
66 verbose parsed url   search: null,
66 verbose parsed url   query: null,
66 verbose parsed url   pathname: '^0.3.0',
66 verbose parsed url   path: '^0.3.0',
66 verbose parsed url   href: '^0.3.0' }
67 verbose addNamed [ 'hexo-renderer-ejs', '^0.3.0' ]
68 verbose addNamed [ null, '>=0.3.0-0 <0.4.0-0' ]
69 silly lockFile 8459198a-hexo-renderer-ejs-0-3-0 hexo-renderer-ejs@^0.3.0
70 verbose lock hexo-renderer-ejs@^0.3.0 /home/ubuntu/.npm/8459198a-hexo-renderer-ejs-0-3-0.lock
71 verbose cache add [ 'hexo-renderer-marked@^0.3.0', null ]
72 verbose cache add name=undefined spec="hexo-renderer-marked@^0.3.0" args=["hexo-renderer-marked@^0.3.0",null]
73 verbose parsed url { protocol: null,
73 verbose parsed url   slashes: null,
73 verbose parsed url   auth: null,
73 verbose parsed url   host: null,
73 verbose parsed url   port: null,
73 verbose parsed url   hostname: null,
73 verbose parsed url   hash: null,
73 verbose parsed url   search: null,
73 verbose parsed url   query: null,
73 verbose parsed url   pathname: 'hexo-renderer-marked@^0.3.0',
73 verbose parsed url   path: 'hexo-renderer-marked@^0.3.0',
73 verbose parsed url   href: 'hexo-renderer-marked@^0.3.0' }
74 verbose cache add name="hexo-renderer-marked" spec="^0.3.0" args=["hexo-renderer-marked","^0.3.0"]
75 verbose parsed url { protocol: null,
75 verbose parsed url   slashes: null,
75 verbose parsed url   auth: null,
75 verbose parsed url   host: null,
75 verbose parsed url   port: null,
75 verbose parsed url   hostname: null,
75 verbose parsed url   hash: null,
75 verbose parsed url   search: null,
75 verbose parsed url   query: null,
75 verbose parsed url   pathname: '^0.3.0',
75 verbose parsed url   path: '^0.3.0',
75 verbose parsed url   href: '^0.3.0' }
76 verbose addNamed [ 'hexo-renderer-marked', '^0.3.0' ]
77 verbose addNamed [ null, '>=0.3.0-0 <0.4.0-0' ]
78 silly lockFile 339a9b7d-hexo-renderer-marked-0-3-0 hexo-renderer-marked@^0.3.0
79 verbose lock hexo-renderer-marked@^0.3.0 /home/ubuntu/.npm/339a9b7d-hexo-renderer-marked-0-3-0.lock
80 verbose cache add [ 'hexo-renderer-stylus@^0.3.1', null ]
81 verbose cache add name=undefined spec="hexo-renderer-stylus@^0.3.1" args=["hexo-renderer-stylus@^0.3.1",null]
82 verbose parsed url { protocol: null,
82 verbose parsed url   slashes: null,
82 verbose parsed url   auth: null,
82 verbose parsed url   host: null,
82 verbose parsed url   port: null,
82 verbose parsed url   hostname: null,
82 verbose parsed url   hash: null,
82 verbose parsed url   search: null,
82 verbose parsed url   query: null,
82 verbose parsed url   pathname: 'hexo-renderer-stylus@^0.3.1',
82 verbose parsed url   path: 'hexo-renderer-stylus@^0.3.1',
82 verbose parsed url   href: 'hexo-renderer-stylus@^0.3.1' }
83 verbose cache add name="hexo-renderer-stylus" spec="^0.3.1" args=["hexo-renderer-stylus","^0.3.1"]
84 verbose parsed url { protocol: null,
84 verbose parsed url   slashes: null,
84 verbose parsed url   auth: null,
84 verbose parsed url   host: null,
84 verbose parsed url   port: null,
84 verbose parsed url   hostname: null,
84 verbose parsed url   hash: null,
84 verbose parsed url   search: null,
84 verbose parsed url   query: null,
84 verbose parsed url   pathname: '^0.3.1',
84 verbose parsed url   path: '^0.3.1',
84 verbose parsed url   href: '^0.3.1' }
85 verbose addNamed [ 'hexo-renderer-stylus', '^0.3.1' ]
86 verbose addNamed [ null, '>=0.3.1-0 <0.4.0-0' ]
87 silly lockFile 637bceb5-hexo-renderer-stylus-0-3-1 hexo-renderer-stylus@^0.3.1
88 verbose lock hexo-renderer-stylus@^0.3.1 /home/ubuntu/.npm/637bceb5-hexo-renderer-stylus-0-3-1.lock
89 verbose cache add [ 'hexo-server@^0.2.0', null ]
90 verbose cache add name=undefined spec="hexo-server@^0.2.0" args=["hexo-server@^0.2.0",null]
91 verbose parsed url { protocol: null,
91 verbose parsed url   slashes: null,
91 verbose parsed url   auth: null,
91 verbose parsed url   host: null,
91 verbose parsed url   port: null,
91 verbose parsed url   hostname: null,
91 verbose parsed url   hash: null,
91 verbose parsed url   search: null,
91 verbose parsed url   query: null,
91 verbose parsed url   pathname: 'hexo-server@^0.2.0',
91 verbose parsed url   path: 'hexo-server@^0.2.0',
91 verbose parsed url   href: 'hexo-server@^0.2.0' }
92 verbose cache add name="hexo-server" spec="^0.2.0" args=["hexo-server","^0.2.0"]
93 verbose parsed url { protocol: null,
93 verbose parsed url   slashes: null,
93 verbose parsed url   auth: null,
93 verbose parsed url   host: null,
93 verbose parsed url   port: null,
93 verbose parsed url   hostname: null,
93 verbose parsed url   hash: null,
93 verbose parsed url   search: null,
93 verbose parsed url   query: null,
93 verbose parsed url   pathname: '^0.2.0',
93 verbose parsed url   path: '^0.2.0',
93 verbose parsed url   href: '^0.2.0' }
94 verbose addNamed [ 'hexo-server', '^0.2.0' ]
95 verbose addNamed [ null, '>=0.2.0-0 <0.3.0-0' ]
96 silly lockFile 30e7e452-hexo-server-0-2-0 hexo-server@^0.2.0
97 verbose lock hexo-server@^0.2.0 /home/ubuntu/.npm/30e7e452-hexo-server-0-2-0.lock
98 verbose cache add [ 'hexo@^3.2.0', null ]
99 verbose cache add name=undefined spec="hexo@^3.2.0" args=["hexo@^3.2.0",null]
100 verbose parsed url { protocol: null,
100 verbose parsed url   slashes: null,
100 verbose parsed url   auth: null,
100 verbose parsed url   host: null,
100 verbose parsed url   port: null,
100 verbose parsed url   hostname: null,
100 verbose parsed url   hash: null,
100 verbose parsed url   search: null,
100 verbose parsed url   query: null,
100 verbose parsed url   pathname: 'hexo@^3.2.0',
100 verbose parsed url   path: 'hexo@^3.2.0',
100 verbose parsed url   href: 'hexo@^3.2.0' }
101 verbose cache add name="hexo" spec="^3.2.0" args=["hexo","^3.2.0"]
102 verbose parsed url { protocol: null,
102 verbose parsed url   slashes: null,
102 verbose parsed url   auth: null,
102 verbose parsed url   host: null,
102 verbose parsed url   port: null,
102 verbose parsed url   hostname: null,
102 verbose parsed url   hash: null,
102 verbose parsed url   search: null,
102 verbose parsed url   query: null,
102 verbose parsed url   pathname: '^3.2.0',
102 verbose parsed url   path: '^3.2.0',
102 verbose parsed url   href: '^3.2.0' }
103 verbose addNamed [ 'hexo', '^3.2.0' ]
104 verbose addNamed [ null, '>=3.2.0-0 <4.0.0-0' ]
105 silly lockFile a1029e7e-hexo-3-2-0 hexo@^3.2.0
106 verbose lock hexo@^3.2.0 /home/ubuntu/.npm/a1029e7e-hexo-3-2-0.lock
107 silly addNameRange { name: 'hexo-deployer-git',
107 silly addNameRange   range: '>=0.3.1-0 <0.4.0-0',
107 silly addNameRange   hasData: false }
108 silly addNameRange { name: 'hexo-generator-index',
108 silly addNameRange   range: '>=0.2.0-0 <0.3.0-0',
108 silly addNameRange   hasData: false }
109 silly addNameRange { name: 'hexo-generator-category',
109 silly addNameRange   range: '>=0.1.3-0 <0.2.0-0',
109 silly addNameRange   hasData: false }
110 silly addNameRange { name: 'hexo-generator-tag',
110 silly addNameRange   range: '>=0.2.0-0 <0.3.0-0',
110 silly addNameRange   hasData: false }
111 silly addNameRange { name: 'hexo-generator-archive',
111 silly addNameRange   range: '>=0.1.4-0 <0.2.0-0',
111 silly addNameRange   hasData: false }
112 silly addNameRange { name: 'hexo-renderer-ejs',
112 silly addNameRange   range: '>=0.3.0-0 <0.4.0-0',
112 silly addNameRange   hasData: false }
113 silly addNameRange { name: 'hexo-renderer-marked',
113 silly addNameRange   range: '>=0.3.0-0 <0.4.0-0',
113 silly addNameRange   hasData: false }
114 silly addNameRange { name: 'hexo-renderer-stylus',
114 silly addNameRange   range: '>=0.3.1-0 <0.4.0-0',
114 silly addNameRange   hasData: false }
115 silly addNameRange { name: 'hexo-server',
115 silly addNameRange   range: '>=0.2.0-0 <0.3.0-0',
115 silly addNameRange   hasData: false }
116 silly addNameRange { name: 'hexo', range: '>=3.2.0-0 <4.0.0-0', hasData: false }
117 verbose url raw hexo-asset-image/0.0.3
118 verbose url resolving [ 'https://artnj.zte.com.cn/artifactory/api/npm/public-npm-virtual/',
118 verbose url resolving   './hexo-asset-image/0.0.3' ]
119 verbose url resolved https://artnj.zte.com.cn/artifactory/api/npm/public-npm-virtual/hexo-asset-image/0.0.3
120 info trying registry request attempt 1 at 00:42:27
121 http GET https://artnj.zte.com.cn/artifactory/api/npm/public-npm-virtual/hexo-asset-image/0.0.3
122 verbose url raw hexo-deployer-git
123 verbose url resolving [ 'https://artnj.zte.com.cn/artifactory/api/npm/public-npm-virtual/',
123 verbose url resolving   './hexo-deployer-git' ]
124 verbose url resolved https://artnj.zte.com.cn/artifactory/api/npm/public-npm-virtual/hexo-deployer-git
125 info trying registry request attempt 1 at 00:42:27
126 http GET https://artnj.zte.com.cn/artifactory/api/npm/public-npm-virtual/hexo-deployer-git
127 verbose url raw hexo-generator-index
128 verbose url resolving [ 'https://artnj.zte.com.cn/artifactory/api/npm/public-npm-virtual/',
128 verbose url resolving   './hexo-generator-index' ]
129 verbose url resolved https://artnj.zte.com.cn/artifactory/api/npm/public-npm-virtual/hexo-generator-index
130 info trying registry request attempt 1 at 00:42:27
131 http GET https://artnj.zte.com.cn/artifactory/api/npm/public-npm-virtual/hexo-generator-index
132 verbose url raw hexo-generator-category
133 verbose url resolving [ 'https://artnj.zte.com.cn/artifactory/api/npm/public-npm-virtual/',
133 verbose url resolving   './hexo-generator-category' ]
134 verbose url resolved https://artnj.zte.com.cn/artifactory/api/npm/public-npm-virtual/hexo-generator-category
135 info trying registry request attempt 1 at 00:42:27
136 http GET https://artnj.zte.com.cn/artifactory/api/npm/public-npm-virtual/hexo-generator-category
137 verbose url raw hexo-generator-tag
138 verbose url resolving [ 'https://artnj.zte.com.cn/artifactory/api/npm/public-npm-virtual/',
138 verbose url resolving   './hexo-generator-tag' ]
139 verbose url resolved https://artnj.zte.com.cn/artifactory/api/npm/public-npm-virtual/hexo-generator-tag
140 info trying registry request attempt 1 at 00:42:27
141 http GET https://artnj.zte.com.cn/artifactory/api/npm/public-npm-virtual/hexo-generator-tag
142 verbose url raw hexo-generator-archive
143 verbose url resolving [ 'https://artnj.zte.com.cn/artifactory/api/npm/public-npm-virtual/',
143 verbose url resolving   './hexo-generator-archive' ]
144 verbose url resolved https://artnj.zte.com.cn/artifactory/api/npm/public-npm-virtual/hexo-generator-archive
145 info trying registry request attempt 1 at 00:42:27
146 http GET https://artnj.zte.com.cn/artifactory/api/npm/public-npm-virtual/hexo-generator-archive
147 verbose url raw hexo-renderer-ejs
148 verbose url resolving [ 'https://artnj.zte.com.cn/artifactory/api/npm/public-npm-virtual/',
148 verbose url resolving   './hexo-renderer-ejs' ]
149 verbose url resolved https://artnj.zte.com.cn/artifactory/api/npm/public-npm-virtual/hexo-renderer-ejs
150 info trying registry request attempt 1 at 00:42:27
151 http GET https://artnj.zte.com.cn/artifactory/api/npm/public-npm-virtual/hexo-renderer-ejs
152 verbose url raw hexo-renderer-marked
153 verbose url resolving [ 'https://artnj.zte.com.cn/artifactory/api/npm/public-npm-virtual/',
153 verbose url resolving   './hexo-renderer-marked' ]
154 verbose url resolved https://artnj.zte.com.cn/artifactory/api/npm/public-npm-virtual/hexo-renderer-marked
155 info trying registry request attempt 1 at 00:42:27
156 http GET https://artnj.zte.com.cn/artifactory/api/npm/public-npm-virtual/hexo-renderer-marked
157 verbose url raw hexo-renderer-stylus
158 verbose url resolving [ 'https://artnj.zte.com.cn/artifactory/api/npm/public-npm-virtual/',
158 verbose url resolving   './hexo-renderer-stylus' ]
159 verbose url resolved https://artnj.zte.com.cn/artifactory/api/npm/public-npm-virtual/hexo-renderer-stylus
160 info trying registry request attempt 1 at 00:42:27
161 http GET https://artnj.zte.com.cn/artifactory/api/npm/public-npm-virtual/hexo-renderer-stylus
162 verbose url raw hexo-server
163 verbose url resolving [ 'https://artnj.zte.com.cn/artifactory/api/npm/public-npm-virtual/',
163 verbose url resolving   './hexo-server' ]
164 verbose url resolved https://artnj.zte.com.cn/artifactory/api/npm/public-npm-virtual/hexo-server
165 info trying registry request attempt 1 at 00:42:27
166 http GET https://artnj.zte.com.cn/artifactory/api/npm/public-npm-virtual/hexo-server
167 verbose url raw hexo
168 verbose url resolving [ 'https://artnj.zte.com.cn/artifactory/api/npm/public-npm-virtual/',
168 verbose url resolving   './hexo' ]
169 verbose url resolved https://artnj.zte.com.cn/artifactory/api/npm/public-npm-virtual/hexo
170 info trying registry request attempt 1 at 00:42:27
171 http GET https://artnj.zte.com.cn/artifactory/api/npm/public-npm-virtual/hexo
172 info retry will retry, error on last attempt: Error: tunneling socket could not be established, cause=Parse Error
173 info retry will retry, error on last attempt: Error: tunneling socket could not be established, cause=Parse Error
174 info retry will retry, error on last attempt: Error: tunneling socket could not be established, cause=Parse Error
175 info retry will retry, error on last attempt: Error: tunneling socket could not be established, cause=Parse Error
176 info retry will retry, error on last attempt: Error: tunneling socket could not be established, cause=Parse Error
177 info retry will retry, error on last attempt: Error: tunneling socket could not be established, cause=Parse Error
178 info retry will retry, error on last attempt: Error: tunneling socket could not be established, cause=Parse Error
179 info retry will retry, error on last attempt: Error: tunneling socket could not be established, cause=Parse Error
180 info retry will retry, error on last attempt: Error: tunneling socket could not be established, cause=Parse Error
181 info retry will retry, error on last attempt: Error: tunneling socket could not be established, cause=Parse Error
182 info retry will retry, error on last attempt: Error: tunneling socket could not be established, cause=Parse Error
183 info trying registry request attempt 2 at 00:42:37
184 http GET https://artnj.zte.com.cn/artifactory/api/npm/public-npm-virtual/hexo-deployer-git
185 info trying registry request attempt 2 at 00:42:37
186 http GET https://artnj.zte.com.cn/artifactory/api/npm/public-npm-virtual/hexo-asset-image/0.0.3
187 info retry will retry, error on last attempt: Error: tunneling socket could not be established, cause=Parse Error
188 info retry will retry, error on last attempt: Error: tunneling socket could not be established, cause=Parse Error
189 info trying registry request attempt 2 at 00:42:37
190 http GET https://artnj.zte.com.cn/artifactory/api/npm/public-npm-virtual/hexo
191 info trying registry request attempt 2 at 00:42:37
192 http GET https://artnj.zte.com.cn/artifactory/api/npm/public-npm-virtual/hexo-generator-category
193 info trying registry request attempt 2 at 00:42:37
194 http GET https://artnj.zte.com.cn/artifactory/api/npm/public-npm-virtual/hexo-generator-index
195 info trying registry request attempt 2 at 00:42:37
196 http GET https://artnj.zte.com.cn/artifactory/api/npm/public-npm-virtual/hexo-renderer-stylus
197 info trying registry request attempt 2 at 00:42:37
198 http GET https://artnj.zte.com.cn/artifactory/api/npm/public-npm-virtual/hexo-generator-tag
199 info trying registry request attempt 2 at 00:42:37
200 http GET https://artnj.zte.com.cn/artifactory/api/npm/public-npm-virtual/hexo-generator-archive
201 info trying registry request attempt 2 at 00:42:37
202 http GET https://artnj.zte.com.cn/artifactory/api/npm/public-npm-virtual/hexo-renderer-ejs
203 info trying registry request attempt 2 at 00:42:37
204 http GET https://artnj.zte.com.cn/artifactory/api/npm/public-npm-virtual/hexo-renderer-marked
205 info trying registry request attempt 2 at 00:42:37
206 http GET https://artnj.zte.com.cn/artifactory/api/npm/public-npm-virtual/hexo-server
207 info retry will retry, error on last attempt: Error: tunneling socket could not be established, cause=Parse Error
208 info retry will retry, error on last attempt: Error: tunneling socket could not be established, cause=Parse Error
209 info retry will retry, error on last attempt: Error: tunneling socket could not be established, cause=Parse Error
210 info retry will retry, error on last attempt: Error: tunneling socket could not be established, cause=Parse Error
211 info retry will retry, error on last attempt: Error: tunneling socket could not be established, cause=Parse Error
212 info retry will retry, error on last attempt: Error: tunneling socket could not be established, cause=Parse Error
213 info retry will retry, error on last attempt: Error: tunneling socket could not be established, cause=Parse Error
214 info retry will retry, error on last attempt: Error: tunneling socket could not be established, cause=Parse Error
215 info retry will retry, error on last attempt: Error: tunneling socket could not be established, cause=Parse Error
216 info trying registry request attempt 3 at 00:43:37
217 http GET https://artnj.zte.com.cn/artifactory/api/npm/public-npm-virtual/hexo-asset-image/0.0.3
218 info trying registry request attempt 3 at 00:43:37
219 http GET https://artnj.zte.com.cn/artifactory/api/npm/public-npm-virtual/hexo-deployer-git
220 info trying registry request attempt 3 at 00:43:37
221 http GET https://artnj.zte.com.cn/artifactory/api/npm/public-npm-virtual/hexo
222 info trying registry request attempt 3 at 00:43:37
223 http GET https://artnj.zte.com.cn/artifactory/api/npm/public-npm-virtual/hexo-generator-category
224 info trying registry request attempt 3 at 00:43:37
225 http GET https://artnj.zte.com.cn/artifactory/api/npm/public-npm-virtual/hexo-renderer-stylus
226 info trying registry request attempt 3 at 00:43:37
227 http GET https://artnj.zte.com.cn/artifactory/api/npm/public-npm-virtual/hexo-renderer-marked
228 info trying registry request attempt 3 at 00:43:37
229 http GET https://artnj.zte.com.cn/artifactory/api/npm/public-npm-virtual/hexo-generator-index
230 info trying registry request attempt 3 at 00:43:37
231 http GET https://artnj.zte.com.cn/artifactory/api/npm/public-npm-virtual/hexo-generator-tag
232 info trying registry request attempt 3 at 00:43:37
233 http GET https://artnj.zte.com.cn/artifactory/api/npm/public-npm-virtual/hexo-renderer-ejs
234 info trying registry request attempt 3 at 00:43:37
235 http GET https://artnj.zte.com.cn/artifactory/api/npm/public-npm-virtual/hexo-server
236 info trying registry request attempt 3 at 00:43:37
237 http GET https://artnj.zte.com.cn/artifactory/api/npm/public-npm-virtual/hexo-generator-archive
238 silly lockFile 68094840-hexo-deployer-git-0-3-1 hexo-deployer-git@^0.3.1
239 silly lockFile 68094840-hexo-deployer-git-0-3-1 hexo-deployer-git@^0.3.1
240 silly lockFile 637bceb5-hexo-renderer-stylus-0-3-1 hexo-renderer-stylus@^0.3.1
241 silly lockFile 637bceb5-hexo-renderer-stylus-0-3-1 hexo-renderer-stylus@^0.3.1
242 silly lockFile 6a9ce764-hexo-generator-index-0-2-0 hexo-generator-index@^0.2.0
243 silly lockFile 6a9ce764-hexo-generator-index-0-2-0 hexo-generator-index@^0.2.0
244 error network tunneling socket could not be established, cause=Parse Error
244 error network This is most likely not a problem with npm itself
244 error network and is related to network connectivity.
244 error network In most cases you are behind a proxy or have bad network settings.
244 error network
244 error network If you are behind a proxy, please make sure that the
244 error network 'proxy' config is set properly.  See: 'npm help config'
245 error System Linux 3.13.0-24-generic
246 error command "/usr/bin/nodejs" "/usr/bin/npm" "install"
247 error cwd /zhl/github/zblog
248 error node -v v0.10.25
249 error npm -v 1.3.10
250 error code ECONNRESET
251 verbose exit [ 1, true ]
